[22-Apr-2020 17:31:53 UTC] PHP Parse error:  syntax error, unexpected end of file in /Users/ppwd/projects/progressivemass.com/app/public/wp-content/themes/mytheme/functions.php on line 9
[22-Apr-2020 17:45:31 UTC] PHP Parse error:  syntax error, unexpected end of file in /Users/ppwd/projects/progressivemass.com/app/public/wp-content/themes/mytheme/includes/section-content.php on line 1
[22-Apr-2020 18:24:22 UTC] PHP Parse error:  syntax error, unexpected '{' in /Users/ppwd/projects/progressivemass.com/app/public/wp-content/themes/mytheme/functions.php on line 30
[22-Apr-2020 18:24:25 UTC] PHP Parse error:  syntax error, unexpected '{' in /Users/ppwd/projects/progressivemass.com/app/public/wp-content/themes/mytheme/functions.php on line 30
[22-Apr-2020 18:25:49 UTC] PHP Parse error:  syntax error, unexpected ';', expecting ')' in /Users/ppwd/projects/progressivemass.com/app/public/wp-content/themes/mytheme/header.php on line 17
[22-Apr-2020 18:25:50 UTC] PHP Parse error:  syntax error, unexpected ';', expecting ')' in /Users/ppwd/projects/progressivemass.com/app/public/wp-content/themes/mytheme/header.php on line 17
[23-Apr-2020 00:02:38 UTC] PHP Parse error:  syntax error, unexpected '400' (T_LNUMBER), expecting ')' in /Users/ppwd/projects/progressivemass.com/app/public/wp-content/themes/mytheme/functions.php on line 39
[23-Apr-2020 00:02:41 UTC] PHP Parse error:  syntax error, unexpected '400' (T_LNUMBER), expecting ')' in /Users/ppwd/projects/progressivemass.com/app/public/wp-content/themes/mytheme/functions.php on line 39
[23-Apr-2020 00:02:41 UTC] PHP Parse error:  syntax error, unexpected '400' (T_LNUMBER), expecting ')' in /Users/ppwd/projects/progressivemass.com/app/public/wp-content/themes/mytheme/functions.php on line 39
[23-Apr-2020 01:04:44 UTC] PHP Parse error:  syntax error, unexpected 'register_post_type' (T_STRING) in /Users/ppwd/projects/progressivemass.com/app/public/wp-content/themes/mytheme/functions.php on line 80
[23-Apr-2020 01:04:45 UTC] PHP Parse error:  syntax error, unexpected 'register_post_type' (T_STRING) in /Users/ppwd/projects/progressivemass.com/app/public/wp-content/themes/mytheme/functions.php on line 80
[23-Apr-2020 01:04:45 UTC] PHP Parse error:  syntax error, unexpected 'register_post_type' (T_STRING) in /Users/ppwd/projects/progressivemass.com/app/public/wp-content/themes/mytheme/functions.php on line 80
[23-Apr-2020 01:06:14 UTC] PHP Parse error:  syntax error, unexpected ''public'' (T_CONSTANT_ENCAPSED_STRING), expecting ')' in /Users/ppwd/projects/progressivemass.com/app/public/wp-content/themes/mytheme/functions.php on line 77
[23-Apr-2020 01:06:14 UTC] PHP Parse error:  syntax error, unexpected ''public'' (T_CONSTANT_ENCAPSED_STRING), expecting ')' in /Users/ppwd/projects/progressivemass.com/app/public/wp-content/themes/mytheme/functions.php on line 77
[23-Apr-2020 01:15:16 UTC] PHP Warning:  Invalid argument supplied for foreach() in /Users/ppwd/projects/progressivemass.com/app/public/wp-content/themes/mytheme/includes/section-blogcontent.php on line 17
[23-Apr-2020 01:15:16 UTC] PHP Stack trace:
[23-Apr-2020 01:15:16 UTC] PHP   1. {main}() /Users/ppwd/projects/progressivemass.com/app/public/index.php:0
[23-Apr-2020 01:15:16 UTC] PHP   2. require() /Users/ppwd/projects/progressivemass.com/app/public/index.php:17
[23-Apr-2020 01:15:16 UTC] PHP   3. require_once() /Users/ppwd/projects/progressivemass.com/app/public/wp-blog-header.php:19
[23-Apr-2020 01:15:16 UTC] PHP   4. include() /Users/ppwd/projects/progressivemass.com/app/public/wp-includes/template-loader.php:106
[23-Apr-2020 01:15:16 UTC] PHP   5. get_template_part() /Users/ppwd/projects/progressivemass.com/app/public/wp-content/themes/mytheme/single.php:11
[23-Apr-2020 01:15:16 UTC] PHP   6. locate_template() /Users/ppwd/projects/progressivemass.com/app/public/wp-includes/general-template.php:168
[23-Apr-2020 01:15:16 UTC] PHP   7. load_template() /Users/ppwd/projects/progressivemass.com/app/public/wp-includes/template.php:672
[23-Apr-2020 01:15:16 UTC] PHP   8. require() /Users/ppwd/projects/progressivemass.com/app/public/wp-includes/template.php:725
[23-Apr-2020 01:17:22 UTC] PHP Warning:  Invalid argument supplied for foreach() in /Users/ppwd/projects/progressivemass.com/app/public/wp-content/themes/mytheme/includes/section-blogcontent.php on line 17
[23-Apr-2020 01:17:22 UTC] PHP Stack trace:
[23-Apr-2020 01:17:22 UTC] PHP   1. {main}() /Users/ppwd/projects/progressivemass.com/app/public/index.php:0
[23-Apr-2020 01:17:22 UTC] PHP   2. require() /Users/ppwd/projects/progressivemass.com/app/public/index.php:17
[23-Apr-2020 01:17:22 UTC] PHP   3. require_once() /Users/ppwd/projects/progressivemass.com/app/public/wp-blog-header.php:19
[23-Apr-2020 01:17:22 UTC] PHP   4. include() /Users/ppwd/projects/progressivemass.com/app/public/wp-includes/template-loader.php:106
[23-Apr-2020 01:17:22 UTC] PHP   5. get_template_part() /Users/ppwd/projects/progressivemass.com/app/public/wp-content/themes/mytheme/single-cars.php:11
[23-Apr-2020 01:17:22 UTC] PHP   6. locate_template() /Users/ppwd/projects/progressivemass.com/app/public/wp-includes/general-template.php:168
[23-Apr-2020 01:17:22 UTC] PHP   7. load_template() /Users/ppwd/projects/progressivemass.com/app/public/wp-includes/template.php:672
[23-Apr-2020 01:17:22 UTC] PHP   8. require() /Users/ppwd/projects/progressivemass.com/app/public/wp-includes/template.php:725
[24-Apr-2020 17:42:49 UTC] PHP Catchable fatal error:  Object of class WP_Post could not be converted to string in /Users/ppwd/projects/progressivemass.com/app/public/wp-includes/functions.php on line 247
[24-Apr-2020 17:42:49 UTC] PHP Stack trace:
[24-Apr-2020 17:42:49 UTC] PHP   1. {main}() /Users/ppwd/projects/progressivemass.com/app/public/index.php:0
[24-Apr-2020 17:42:49 UTC] PHP   2. require() /Users/ppwd/projects/progressivemass.com/app/public/index.php:17
[24-Apr-2020 17:42:49 UTC] PHP   3. require_once() /Users/ppwd/projects/progressivemass.com/app/public/wp-blog-header.php:19
[24-Apr-2020 17:42:49 UTC] PHP   4. include() /Users/ppwd/projects/progressivemass.com/app/public/wp-includes/template-loader.php:106
[24-Apr-2020 17:42:49 UTC] PHP   5. get_template_part() /Users/ppwd/projects/progressivemass.com/app/public/wp-content/themes/mytheme/single.php:11
[24-Apr-2020 17:42:49 UTC] PHP   6. locate_template() /Users/ppwd/projects/progressivemass.com/app/public/wp-includes/general-template.php:168
[24-Apr-2020 17:42:49 UTC] PHP   7. load_template() /Users/ppwd/projects/progressivemass.com/app/public/wp-includes/template.php:672
[24-Apr-2020 17:42:49 UTC] PHP   8. require() /Users/ppwd/projects/progressivemass.com/app/public/wp-includes/template.php:725
[24-Apr-2020 17:42:49 UTC] PHP   9. get_the_date() /Users/ppwd/projects/progressivemass.com/app/public/wp-content/themes/mytheme/includes/section-blogcontent.php:42
[24-Apr-2020 17:42:49 UTC] PHP  10. get_post_time() /Users/ppwd/projects/progressivemass.com/app/public/wp-includes/general-template.php:2405
[24-Apr-2020 17:42:49 UTC] PHP  11. wp_date() /Users/ppwd/projects/progressivemass.com/app/public/wp-includes/general-template.php:2586
[24-Apr-2020 17:42:49 UTC] PHP  12. preg_replace() /Users/ppwd/projects/progressivemass.com/app/public/wp-includes/functions.php:247
[24-Apr-2020 17:43:07 UTC] PHP Catchable fatal error:  Object of class WP_Post could not be converted to string in /Users/ppwd/projects/progressivemass.com/app/public/wp-includes/functions.php on line 247
[24-Apr-2020 17:43:07 UTC] PHP Stack trace:
[24-Apr-2020 17:43:07 UTC] PHP   1. {main}() /Users/ppwd/projects/progressivemass.com/app/public/index.php:0
[24-Apr-2020 17:43:07 UTC] PHP   2. require() /Users/ppwd/projects/progressivemass.com/app/public/index.php:17
[24-Apr-2020 17:43:07 UTC] PHP   3. require_once() /Users/ppwd/projects/progressivemass.com/app/public/wp-blog-header.php:19
[24-Apr-2020 17:43:07 UTC] PHP   4. include() /Users/ppwd/projects/progressivemass.com/app/public/wp-includes/template-loader.php:106
[24-Apr-2020 17:43:07 UTC] PHP   5. get_template_part() /Users/ppwd/projects/progressivemass.com/app/public/wp-content/themes/mytheme/single.php:11
[24-Apr-2020 17:43:07 UTC] PHP   6. locate_template() /Users/ppwd/projects/progressivemass.com/app/public/wp-includes/general-template.php:168
[24-Apr-2020 17:43:07 UTC] PHP   7. load_template() /Users/ppwd/projects/progressivemass.com/app/public/wp-includes/template.php:672
[24-Apr-2020 17:43:07 UTC] PHP   8. require() /Users/ppwd/projects/progressivemass.com/app/public/wp-includes/template.php:725
[24-Apr-2020 17:43:07 UTC] PHP   9. the_date() /Users/ppwd/projects/progressivemass.com/app/public/wp-content/themes/mytheme/includes/section-blogcontent.php:42
[24-Apr-2020 17:43:07 UTC] PHP  10. get_the_date() /Users/ppwd/projects/progressivemass.com/app/public/wp-includes/general-template.php:2359
[24-Apr-2020 17:43:07 UTC] PHP  11. get_post_time() /Users/ppwd/projects/progressivemass.com/app/public/wp-includes/general-template.php:2405
[24-Apr-2020 17:43:07 UTC] PHP  12. wp_date() /Users/ppwd/projects/progressivemass.com/app/public/wp-includes/general-template.php:2586
[24-Apr-2020 17:43:07 UTC] PHP  13. preg_replace() /Users/ppwd/projects/progressivemass.com/app/public/wp-includes/functions.php:247
[24-Apr-2020 17:43:09 UTC] PHP Catchable fatal error:  Object of class WP_Post could not be converted to string in /Users/ppwd/projects/progressivemass.com/app/public/wp-includes/functions.php on line 247
[24-Apr-2020 17:43:09 UTC] PHP Stack trace:
[24-Apr-2020 17:43:09 UTC] PHP   1. {main}() /Users/ppwd/projects/progressivemass.com/app/public/index.php:0
[24-Apr-2020 17:43:09 UTC] PHP   2. require() /Users/ppwd/projects/progressivemass.com/app/public/index.php:17
[24-Apr-2020 17:43:09 UTC] PHP   3. require_once() /Users/ppwd/projects/progressivemass.com/app/public/wp-blog-header.php:19
[24-Apr-2020 17:43:09 UTC] PHP   4. include() /Users/ppwd/projects/progressivemass.com/app/public/wp-includes/template-loader.php:106
[24-Apr-2020 17:43:09 UTC] PHP   5. get_template_part() /Users/ppwd/projects/progressivemass.com/app/public/wp-content/themes/mytheme/single.php:11
[24-Apr-2020 17:43:09 UTC] PHP   6. locate_template() /Users/ppwd/projects/progressivemass.com/app/public/wp-includes/general-template.php:168
[24-Apr-2020 17:43:09 UTC] PHP   7. load_template() /Users/ppwd/projects/progressivemass.com/app/public/wp-includes/template.php:672
[24-Apr-2020 17:43:09 UTC] PHP   8. require() /Users/ppwd/projects/progressivemass.com/app/public/wp-includes/template.php:725
[24-Apr-2020 17:43:09 UTC] PHP   9. the_date() /Users/ppwd/projects/progressivemass.com/app/public/wp-content/themes/mytheme/includes/section-blogcontent.php:42
[24-Apr-2020 17:43:09 UTC] PHP  10. get_the_date() /Users/ppwd/projects/progressivemass.com/app/public/wp-includes/general-template.php:2359
[24-Apr-2020 17:43:09 UTC] PHP  11. get_post_time() /Users/ppwd/projects/progressivemass.com/app/public/wp-includes/general-template.php:2405
[24-Apr-2020 17:43:09 UTC] PHP  12. wp_date() /Users/ppwd/projects/progressivemass.com/app/public/wp-includes/general-template.php:2586
[24-Apr-2020 17:43:09 UTC] PHP  13. preg_replace() /Users/ppwd/projects/progressivemass.com/app/public/wp-includes/functions.php:247
[24-Apr-2020 17:44:56 UTC] PHP Parse error:  syntax error, unexpected ',' in /Users/ppwd/projects/progressivemass.com/app/public/wp-content/themes/mytheme/includes/section-blogcontent.php on line 42
[24-Apr-2020 17:44:58 UTC] PHP Parse error:  syntax error, unexpected ',' in /Users/ppwd/projects/progressivemass.com/app/public/wp-content/themes/mytheme/includes/section-blogcontent.php on line 42
[24-Apr-2020 17:49:00 UTC] PHP Parse error:  syntax error, unexpected '%' in /Users/ppwd/projects/progressivemass.com/app/public/wp-content/themes/mytheme/includes/section-blogcontent.php on line 43
[19-May-2020 22:21:09 UTC] PHP Fatal error:  Uncaught Error: Call to undefined function the_field() in /Users/ppwd/projects/womensjusticenow/app/public/wp-content/themes/mytheme/page.php:14
Stack trace:
#0 /Users/ppwd/projects/womensjusticenow/app/public/wp-includes/template-loader.php(106): include()
#1 /Users/ppwd/projects/womensjusticenow/app/public/wp-blog-header.php(19): require_once('/Users/ppwd/pro...')
#2 /Users/ppwd/projects/womensjusticenow/app/public/index.php(17): require('/Users/ppwd/pro...')
#3 {main}
  thrown in /Users/ppwd/projects/womensjusticenow/app/public/wp-content/themes/mytheme/page.php on line 14
[20-May-2020 06:10:27 UTC] PHP Fatal error:  Uncaught Error: Call to undefined function get_actionbuttons() in /Users/ppwd/projects/womensjusticenow/app/public/wp-content/themes/mytheme/header.php:85
Stack trace:
#0 /Users/ppwd/projects/womensjusticenow/app/public/wp-includes/template.php(723): require_once()
#1 /Users/ppwd/projects/womensjusticenow/app/public/wp-includes/template.php(672): load_template('/Users/ppwd/pro...', true)
#2 /Users/ppwd/projects/womensjusticenow/app/public/wp-includes/general-template.php(41): locate_template(Array, true)
#3 /Users/ppwd/projects/womensjusticenow/app/public/wp-content/themes/mytheme/front-page.php(1): get_header()
#4 /Users/ppwd/projects/womensjusticenow/app/public/wp-includes/template-loader.php(106): include('/Users/ppwd/pro...')
#5 /Users/ppwd/projects/womensjusticenow/app/public/wp-blog-header.php(19): require_once('/Users/ppwd/pro...')
#6 /Users/ppwd/projects/womensjusticenow/app/public/index.php(17): require('/Users/ppwd/pro...')
#7 {main}
  thrown in /Users/ppwd/projects/womensjusticenow/app/public/wp-content/themes/mytheme/header.php on line 85
[20-May-2020 06:10:29 UTC] PHP Fatal error:  Uncaught Error: Call to undefined function get_actionbuttons() in /Users/ppwd/projects/womensjusticenow/app/public/wp-content/themes/mytheme/header.php:85
Stack trace:
#0 /Users/ppwd/projects/womensjusticenow/app/public/wp-includes/template.php(723): require_once()
#1 /Users/ppwd/projects/womensjusticenow/app/public/wp-includes/template.php(672): load_template('/Users/ppwd/pro...', true)
#2 /Users/ppwd/projects/womensjusticenow/app/public/wp-includes/general-template.php(41): locate_template(Array, true)
#3 /Users/ppwd/projects/womensjusticenow/app/public/wp-content/themes/mytheme/front-page.php(1): get_header()
#4 /Users/ppwd/projects/womensjusticenow/app/public/wp-includes/template-loader.php(106): include('/Users/ppwd/pro...')
#5 /Users/ppwd/projects/womensjusticenow/app/public/wp-blog-header.php(19): require_once('/Users/ppwd/pro...')
#6 /Users/ppwd/projects/womensjusticenow/app/public/index.php(17): require('/Users/ppwd/pro...')
#7 {main}
  thrown in /Users/ppwd/projects/womensjusticenow/app/public/wp-content/themes/mytheme/header.php on line 85
[20-May-2020 08:50:04 UTC] PHP Fatal error:  Uncaught Error: Call to undefined function has_page_thumbnail() in /Users/ppwd/projects/womensjusticenow/app/public/wp-content/themes/mytheme/front-page.php:8
Stack trace:
#0 /Users/ppwd/projects/womensjusticenow/app/public/wp-includes/template-loader.php(106): include()
#1 /Users/ppwd/projects/womensjusticenow/app/public/wp-blog-header.php(19): require_once('/Users/ppwd/pro...')
#2 /Users/ppwd/projects/womensjusticenow/app/public/index.php(17): require('/Users/ppwd/pro...')
#3 {main}
  thrown in /Users/ppwd/projects/womensjusticenow/app/public/wp-content/themes/mytheme/front-page.php on line 8
[20-May-2020 08:50:06 UTC] PHP Fatal error:  Uncaught Error: Call to undefined function has_page_thumbnail() in /Users/ppwd/projects/womensjusticenow/app/public/wp-content/themes/mytheme/front-page.php:8
Stack trace:
#0 /Users/ppwd/projects/womensjusticenow/app/public/wp-includes/template-loader.php(106): include()
#1 /Users/ppwd/projects/womensjusticenow/app/public/wp-blog-header.php(19): require_once('/Users/ppwd/pro...')
#2 /Users/ppwd/projects/womensjusticenow/app/public/index.php(17): require('/Users/ppwd/pro...')
#3 {main}
  thrown in /Users/ppwd/projects/womensjusticenow/app/public/wp-content/themes/mytheme/front-page.php on line 8
